<?xml version="1.0" encoding="UTF-8"?>
<testsuite xmlns:xsi="http://www.w3.org/2001/XMLSchema-instance" xsi:noNamespaceSchemaLocation="https://maven.apache.org/surefire/maven-surefire-plugin/xsd/surefire-test-report-3.0.xsd" version="3.0" name="com.shahid.tictactoe.TictactoeApplicationTests" time="4.305" tests="1" errors="0" skipped="0" failures="0">
  <properties>
[...]
</properties>
  <testcase name="contextLoads" classname="com.shahid.tictactoe.TictactoeApplicationTests" time="0.807">
    <system-out><![CDATA[21:57:20.122 [main] INFO org.springframework.test.context.support.AnnotationConfigContextLoaderUtils -- Could not detect default configuration classes for test class [com.shahid.tictactoe.TictactoeApplicationTests]: TictactoeApplicationTests does not declare any static, non-private, non-final, nested classes annotated with @Configuration.
21:57:20.275 [main] INFO org.springframework.boot.test.context.SpringBootTestContextBootstrapper -- Found @SpringBootConfiguration com.shahid.tictactoe.TictactoeApplication for test class com.shahid.tictactoe.TictactoeApplicationTests
21:57:20.462 [main] INFO org.springframework.boot.devtools.restart.RestartApplicationListener -- Restart disabled due to context in which it is running

  .   ____          _            __ _ _
 /\\ / ___'_ __ _ _(_)_ __  __ _ \ \ \ \
( ( )\___ | '_ | '_| | '_ \/ _` | \ \ \ \
 \\/  ___)| |_)| | | | | || (_| |  ) ) ) )
  '  |____| .__|_| |_|_| |_\__, | / / / /
 =========|_|==============|___/=/_/_/_/

 :: Spring Boot ::                (v3.3.2)

2024-07-28T21:57:20.705+05:30  INFO 15748 --- [tictactoe] [           main] c.s.tictactoe.TictactoeApplicationTests  : Starting TictactoeApplicationTests using Java 21.0.2 with PID 15748 (started by Shahid in c:\Users\ersha\OneDrive\Desktop\multiplayer tic tac toe final game\tictactoe)
2024-07-28T21:57:20.706+05:30  INFO 15748 --- [tictactoe] [           main] c.s.tictactoe.TictactoeApplicationTests  : No active profile set, falling back to 1 default profile: "default"
2024-07-28T21:57:21.309+05:30  INFO 15748 --- [tictactoe] [           main] .s.d.r.c.RepositoryConfigurationDelegate : Bootstrapping Spring Data MongoDB repositories in DEFAULT mode.
2024-07-28T21:57:21.387+05:30  INFO 15748 --- [tictactoe] [           main] .s.d.r.c.RepositoryConfigurationDelegate : Finished Spring Data repository scanning in 71 ms. Found 4 MongoDB repository interfaces.
2024-07-28T21:57:22.049+05:30  INFO 15748 --- [tictactoe] [           main] org.mongodb.driver.client                : MongoClient with metadata {"driver": {"name": "mongo-java-driver|sync|spring-boot", "version": "5.0.1"}, "os": {"type": "Windows", "name": "Windows 11", "architecture": "amd64", "version": "10.0"}, "platform": "Java/Oracle Corporation/21.0.2+13-LTS-58"} created with settings MongoClientSettings{readPreference=primary, writeConcern=WriteConcern{w=null, wTimeout=null ms, journal=null}, retryWrites=true, retryReads=true, readConcern=ReadConcern{level=null}, credential=MongoCredential{mechanism=null, userName='root', source='admin', password=<hidden>, mechanismProperties=<hidden>}, transportSettings=null, commandListeners=[], codecRegistry=ProvidersCodecRegistry{codecProviders=[ValueCodecProvider{}, BsonValueCodecProvider{}, DBRefCodecProvider{}, DBObjectCodecProvider{}, DocumentCodecProvider{}, CollectionCodecProvider{}, IterableCodecProvider{}, MapCodecProvider{}, GeoJsonCodecProvider{}, GridFSFileCodecProvider{}, Jsr310CodecProvider{}, JsonObjectCodecProvider{}, BsonCodecProvider{}, EnumCodecProvider{}, com.mongodb.client.model.mql.ExpressionCodecProvider@73fbdf68, com.mongodb.Jep395RecordCodecProvider@32f1fafe, com.mongodb.KotlinCodecProvider@236eccd1]}, loggerSettings=LoggerSettings{maxDocumentLength=1000}, clusterSettings={hosts=[127.0.0.1:27017], srvHost=cluster0.pyyczvc.mongodb.net, srvServiceName=mongodb, mode=MULTIPLE, requiredClusterType=REPLICA_SET, requiredReplicaSetName='atlas-rsjd93-shard-0', serverSelector='null', clusterListeners='[]', serverSelectionTimeout='30000 ms', localThreshold='15 ms'}, socketSettings=SocketSettings{connectTimeoutMS=10000, readTimeoutMS=0, receiveBufferSize=0, proxySettings=ProxySettings{host=null, port=null, username=null, password=null}}, heartbeatSocketSettings=SocketSettings{connectTimeoutMS=10000, readTimeoutMS=10000, receiveBufferSize=0, proxySettings=ProxySettings{host=null, port=null, username=null, password=null}}, connectionPoolSettings=ConnectionPoolSettings{maxSize=100, minSize=0, maxWaitTimeMS=120000, maxConnectionLifeTimeMS=0, maxConnectionIdleTimeMS=0, maintenanceInitialDelayMS=0, maintenanceFrequencyMS=60000, connectionPoolListeners=[], maxConnecting=2}, serverSettings=ServerSettings{heartbeatFrequencyMS=10000, minHeartbeatFrequencyMS=500, serverListeners='[]', serverMonitorListeners='[]'}, sslSettings=SslSettings{enabled=true, invalidHostNameAllowed=false, context=null}, applicationName='null', compressorList=[], uuidRepresentation=JAVA_LEGACY, serverApi=null, autoEncryptionSettings=null, dnsClient=null, inetAddressResolver=null, contextProvider=null}
2024-07-28T21:57:22.112+05:30  INFO 15748 --- [tictactoe] [zvc.mongodb.net] org.mongodb.driver.cluster               : Adding discovered server ac-yysxhns-shard-00-01.pyyczvc.mongodb.net:27017 to client view of cluster
2024-07-28T21:57:22.156+05:30  INFO 15748 --- [tictactoe] [zvc.mongodb.net] org.mongodb.driver.cluster               : Adding discovered server ac-yysxhns-shard-00-00.pyyczvc.mongodb.net:27017 to client view of cluster
2024-07-28T21:57:22.159+05:30  INFO 15748 --- [tictactoe] [zvc.mongodb.net] org.mongodb.driver.cluster               : Adding discovered server ac-yysxhns-shard-00-02.pyyczvc.mongodb.net:27017 to client view of cluster
2024-07-28T21:57:22.563+05:30  INFO 15748 --- [tictactoe] [           main] f.a.AutowiredAnnotationBeanPostProcessor : Autowired annotation should only be used on methods with parameters: public java.lang.String com.shahid.tictactoe.HomeController.showGame()
2024-07-28T21:57:22.835+05:30  INFO 15748 --- [tictactoe] [ngodb.net:27017] org.mongodb.driver.cluster               : Monitor thread successfully connected to server with description ServerDescription{address=ac-yysxhns-shard-00-01.pyyczvc.mongodb.net:27017, type=REPLICA_SET_PRIMARY, state=CONNECTED, ok=true, minWireVersion=0, maxWireVersion=21, maxDocumentSize=16777216, logicalSessionTimeoutMinutes=30, roundTripTimeNanos=457873100, setName='atlas-rsjd93-shard-0', canonicalAddress=ac-yysxhns-shard-00-01.pyyczvc.mongodb.net:27017, hosts=[ac-yysxhns-shard-00-02.pyyczvc.mongodb.net:27017, ac-yysxhns-shard-00-00.pyyczvc.mongodb.net:27017, ac-yysxhns-shard-00-01.pyyczvc.mongodb.net:27017], passives=[], arbiters=[], primary='ac-yysxhns-shard-00-01.pyyczvc.mongodb.net:27017', tagSet=TagSet{[Tag{name='availabilityZone', value='aps1-az3'}, Tag{name='diskState', value='READY'}, Tag{name='nodeType', value='ELECTABLE'}, Tag{name='provider', value='AWS'}, Tag{name='region', value='AP_SOUTH_1'}, Tag{name='workloadType', value='OPERATIONAL'}]}, electionId=7fffffff0000000000000051, setVersion=68, topologyVersion=TopologyVersion{processId=66a35f3a9313f7c283e803b2, counter=6}, lastWriteDate=Sun Jul 28 21:57:21 IST 2024, lastUpdateTimeNanos=106090839084700}
2024-07-28T21:57:22.835+05:30  INFO 15748 --- [tictactoe] [ngodb.net:27017] org.mongodb.driver.cluster               : Monitor thread successfully connected to server with description ServerDescription{address=ac-yysxhns-shard-00-02.pyyczvc.mongodb.net:27017, type=REPLICA_SET_SECONDARY, state=CONNECTED, ok=true, minWireVersion=0, maxWireVersion=21, maxDocumentSize=16777216, logicalSessionTimeoutMinutes=30, roundTripTimeNanos=458048400, setName='atlas-rsjd93-shard-0', canonicalAddress=ac-yysxhns-shard-00-02.pyyczvc.mongodb.net:27017, hosts=[ac-yysxhns-shard-00-02.pyyczvc.mongodb.net:27017, ac-yysxhns-shard-00-00.pyyczvc.mongodb.net:27017, ac-yysxhns-shard-00-01.pyyczvc.mongodb.net:27017], passives=[], arbiters=[], primary='ac-yysxhns-shard-00-01.pyyczvc.mongodb.net:27017', tagSet=TagSet{[Tag{name='availabilityZone', value='aps1-az2'}, Tag{name='diskState', value='READY'}, Tag{name='nodeType', value='ELECTABLE'}, Tag{name='provider', value='AWS'}, Tag{name='region', value='AP_SOUTH_1'}, Tag{name='workloadType', value='OPERATIONAL'}]}, electionId=null, setVersion=68, topologyVersion=TopologyVersion{processId=66a36197cdc2bc88d67f74b3, counter=3}, lastWriteDate=Sun Jul 28 21:57:21 IST 2024, lastUpdateTimeNanos=106090839084900}
2024-07-28T21:57:22.835+05:30  INFO 15748 --- [tictactoe] [ngodb.net:27017] org.mongodb.driver.cluster               : Monitor thread successfully connected to server with description ServerDescription{address=ac-yysxhns-shard-00-00.pyyczvc.mongodb.net:27017, type=REPLICA_SET_SECONDARY, state=CONNECTED, ok=true, minWireVersion=0, maxWireVersion=21, maxDocumentSize=16777216, logicalSessionTimeoutMinutes=30, roundTripTimeNanos=458599100, setName='atlas-rsjd93-shard-0', canonicalAddress=ac-yysxhns-shard-00-00.pyyczvc.mongodb.net:27017, hosts=[ac-yysxhns-shard-00-02.pyyczvc.mongodb.net:27017, ac-yysxhns-shard-00-00.pyyczvc.mongodb.net:27017, ac-yysxhns-shard-00-01.pyyczvc.mongodb.net:27017], passives=[], arbiters=[], primary='ac-yysxhns-shard-00-01.pyyczvc.mongodb.net:27017', tagSet=TagSet{[Tag{name='availabilityZone', value='aps1-az1'}, Tag{name='diskState', value='READY'}, Tag{name='nodeType', value='ELECTABLE'}, Tag{name='provider', value='AWS'}, Tag{name='region', value='AP_SOUTH_1'}, Tag{name='workloadType', value='OPERATIONAL'}]}, electionId=null, setVersion=68, topologyVersion=TopologyVersion{processId=66a3603c6dd4a8645c2b3f4b, counter=4}, lastWriteDate=Sun Jul 28 21:57:21 IST 2024, lastUpdateTimeNanos=106090839084700}
2024-07-28T21:57:22.841+05:30  INFO 15748 --- [tictactoe] [ngodb.net:27017] org.mongodb.driver.cluster               : Discovered replica set primary ac-yysxhns-shard-00-01.pyyczvc.mongodb.net:27017 with max election id 7fffffff0000000000000051 and max set version 68
2024-07-28T21:57:23.374+05:30  INFO 15748 --- [tictactoe] [           main] o.s.m.s.b.SimpleBrokerMessageHandler     : Starting...
2024-07-28T21:57:23.377+05:30  INFO 15748 --- [tictactoe] [           main] o.s.m.s.b.SimpleBrokerMessageHandler     : BrokerAvailabilityEvent[available=true, SimpleBrokerMessageHandler [org.springframework.messaging.simp.broker.DefaultSubscriptionRegistry@e154848]]
2024-07-28T21:57:23.377+05:30  INFO 15748 --- [tictactoe] [           main] o.s.m.s.b.SimpleBrokerMessageHandler     : Started.
2024-07-28T21:57:23.385+05:30  INFO 15748 --- [tictactoe] [           main] c.s.tictactoe.TictactoeApplicationTests  : Started TictactoeApplicationTests in 2.941 seconds (process running for 4.009)
]]></system-out>
    <system-err><![CDATA[WARNING: A Java agent has been loaded dynamically (C:\Users\ersha\.m2\repository\net\bytebuddy\byte-buddy-agent\1.14.18\byte-buddy-agent-1.14.18.jar)
WARNING: If a serviceability tool is in use, please run with -XX:+EnableDynamicAgentLoading to hide this warning
WARNING: If a serviceability tool is not in use, please run with -Djdk.instrument.traceUsage for more information
WARNING: Dynamic loading of agents will be disallowed by default in a future release
]]></system-err>
  </testcase>
</testsuite>